<?xml version="1.0" encoding="UTF-8"?>
<testsuite name="com.dbd.devday.db.cassandra.CassandraKeyValueStoreDAOTest" tests="7" failures="0" errors="0" timestamp="2014-04-07T20:15:51" hostname="Natalia-VAIO" time="1.326">
  <properties/>
  <testcase name="testGetByUserAndKey" classname="com.dbd.devday.db.cassandra.CassandraKeyValueStoreDAOTest" time="0.665"/>
  <testcase name="testGetAllUsers" classname="com.dbd.devday.db.cassandra.CassandraKeyValueStoreDAOTest" time="0.136"/>
  <testcase name="testCreate" classname="com.dbd.devday.db.cassandra.CassandraKeyValueStoreDAOTest" time="0.102"/>
  <testcase name="testDelete" classname="com.dbd.devday.db.cassandra.CassandraKeyValueStoreDAOTest" time="0.095"/>
  <testcase name="testGetAll" classname="com.dbd.devday.db.cassandra.CassandraKeyValueStoreDAOTest" time="0.097"/>
  <testcase name="testDeleteRow" classname="com.dbd.devday.db.cassandra.CassandraKeyValueStoreDAOTest" time="0.094"/>
  <testcase name="testUpdate" classname="com.dbd.devday.db.cassandra.CassandraKeyValueStoreDAOTest" time="0.135"/>
  <system-out><![CDATA[]]></system-out>
  <system-err><![CDATA[]]></system-err>
</testsuite>
